0 info it worked if it ends with ok
1 verbose cli [ 'C:\\Program Files\\nodejs\\node.exe',
1 verbose cli   'C:\\Program Files\\nodejs\\node_modules\\npm\\bin\\npm-cli.js',
1 verbose cli   'start' ]
2 info using npm@3.10.8
3 info using node@v6.9.1
4 verbose run-script [ 'prestart', 'start', 'poststart' ]
5 info lifecycle expedia@1.0.0~prestart: expedia@1.0.0
6 silly lifecycle expedia@1.0.0~prestart: no script for prestart, continuing
7 info lifecycle expedia@1.0.0~start: expedia@1.0.0
8 verbose lifecycle expedia@1.0.0~start: unsafe-perm in lifecycle true
9 verbose lifecycle expedia@1.0.0~start: PATH: C:\Program Files\nodejs\node_modules\npm\bin\node-gyp-bin;C:\Users\Ibrahim\Desktop\Ibrahim\tasks\ExpediaHotelDeals\node_modules\.bin;C:\Users\Ibrahim\Documents\cmder\bin;C:\Users\Ibrahim\Documents\cmder\vendor\git-for-windows\cmd;C:\Users\Ibrahim\Documents\cmder\vendor\conemu-maximus5\ConEmu\Scripts;C:\Users\Ibrahim\Documents\cmder\vendor\conemu-maximus5;C:\Users\Ibrahim\Documents\cmder\vendor\conemu-maximus5\ConEmu;C:\Program Files\Broadcom\Broadcom 802.11 Network Adapter\Driver;;C:\Program Files (x86)\Intel\iCLS Client\;C:\Program Files\Intel\iCLS Client\;C:\Program Files (x86)\NVIDIA Corporation\PhysX\Common;C:\WINDOWS\system32;C:\WINDOWS;C:\WINDOWS\System32\Wbem;C:\WINDOWS\System32\WindowsPowerShell\v1.0\;C:\Program Files (x86)\Windows Live\Shared;C:\Program Files\Intel\Intel(R) Management Engine Components\DAL;C:\Program Files\Intel\Intel(R) Management Engine Components\IPT;C:\Program Files (x86)\Intel\Intel(R) Management Engine Components\DAL;C:\Program Files (x86)\Intel\Intel(R) Management Engine Components\IPT;C:\Program Files\WIDCOMM\Bluetooth Software\;C:\Program Files\WIDCOMM\Bluetooth Software\syswow64;C:\Program Files (x86)\Common Files\Adobe\AGL;C:\Program Files\Common Files\Autodesk Shared\;C:\Program Files (x86)\Skype\Phone\;C:\Program Files\nodejs\;C:\Program Files\MySQL\MySQL Utilities 1.6\;C:\Users\Ibrahim\AppData\Roaming\npm;C:\Program Files\Heroku\bin;C:\Users\Ibrahim\Documents\cmder\vendor\git-for-windows\usr\bin;C:\Users\Ibrahim\Documents\cmder\vendor\git-for-windows\usr\share\vim\vim74;C:\Users\Ibrahim\Documents\cmder\
10 verbose lifecycle expedia@1.0.0~start: CWD: C:\Users\Ibrahim\Desktop\Ibrahim\tasks\ExpediaHotelDeals
11 silly lifecycle expedia@1.0.0~start: Args: [ '/d /s /c', 'nodemon server/server.js' ]
12 silly lifecycle expedia@1.0.0~start: Returned: code: 1  signal: null
13 info lifecycle expedia@1.0.0~start: Failed to exec start script
14 verbose stack Error: expedia@1.0.0 start: `nodemon server/server.js`
14 verbose stack Exit status 1
14 verbose stack     at EventEmitter.<anonymous> (C:\Program Files\nodejs\node_modules\npm\lib\utils\lifecycle.js:255:16)
14 verbose stack     at emitTwo (events.js:106:13)
14 verbose stack     at EventEmitter.emit (events.js:191:7)
14 verbose stack     at ChildProcess.<anonymous> (C:\Program Files\nodejs\node_modules\npm\lib\utils\spawn.js:40:14)
14 verbose stack     at emitTwo (events.js:106:13)
14 verbose stack     at ChildProcess.emit (events.js:191:7)
14 verbose stack     at maybeClose (internal/child_process.js:877:16)
14 verbose stack     at Process.ChildProcess._handle.onexit (internal/child_process.js:226:5)
15 verbose pkgid expedia@1.0.0
16 verbose cwd C:\Users\Ibrahim\Desktop\Ibrahim\tasks\ExpediaHotelDeals
17 error Windows_NT 6.3.9600
18 error argv "C:\\Program Files\\nodejs\\node.exe" "C:\\Program Files\\nodejs\\node_modules\\npm\\bin\\npm-cli.js" "start"
19 error node v6.9.1
20 error npm  v3.10.8
21 error code ELIFECYCLE
22 error expedia@1.0.0 start: `nodemon server/server.js`
22 error Exit status 1
23 error Failed at the expedia@1.0.0 start script 'nodemon server/server.js'.
23 error Make sure you have the latest version of node.js and npm installed.
23 error If you do, this is most likely a problem with the expedia package,
23 error not with npm itself.
23 error Tell the author that this fails on your system:
23 error     nodemon server/server.js
23 error You can get information on how to open an issue for this project with:
23 error     npm bugs expedia
23 error Or if that isn't available, you can get their info via:
23 error     npm owner ls expedia
23 error There is likely additional logging output above.
24 verbose exit [ 1, true ]
